{"/home/kh/Devops/Dockerisation/portfolio-api/src/app.js": {"path":"/home/kh/Devops/Dockerisation/portfolio-api/src/app.js","statementMap":{"0":{"start":{"line":5,"column":0},"end":{"line":5,"column":27}},"1":{"start":{"line":7,"column":19},"end":{"line":7,"column":37}},"2":{"start":{"line":8,"column":19},"end":{"line":8,"column":48}},"3":{"start":{"line":9,"column":22},"end":{"line":9,"column":55}},"4":{"start":{"line":12,"column":0},"end":{"line":14,"column":1}},"5":{"start":{"line":13,"column":2},"end":{"line":13,"column":14}},"6":{"start":{"line":17,"column":12},"end":{"line":17,"column":21}},"7":{"start":{"line":18,"column":0},"end":{"line":18,"column":28}},"8":{"start":{"line":23,"column":0},"end":{"line":23,"column":24}},"9":{"start":{"line":26,"column":0},"end":{"line":26,"column":48}},"10":{"start":{"line":29,"column":0},"end":{"line":35,"column":3}},"11":{"start":{"line":30,"column":2},"end":{"line":30,"column":52}},"12":{"start":{"line":31,"column":2},"end":{"line":31,"column":83}},"13":{"start":{"line":32,"column":2},"end":{"line":32,"column":79}},"14":{"start":{"line":33,"column":2},"end":{"line":33,"column":59}},"15":{"start":{"line":33,"column":32},"end":{"line":33,"column":59}},"16":{"start":{"line":34,"column":2},"end":{"line":34,"column":9}},"17":{"start":{"line":38,"column":0},"end":{"line":41,"column":3}},"18":{"start":{"line":39,"column":2},"end":{"line":39,"column":80}},"19":{"start":{"line":40,"column":2},"end":{"line":40,"column":9}},"20":{"start":{"line":46,"column":0},"end":{"line":55,"column":3}},"21":{"start":{"line":47,"column":2},"end":{"line":54,"column":5}},"22":{"start":{"line":58,"column":0},"end":{"line":58,"column":40}},"23":{"start":{"line":61,"column":0},"end":{"line":66,"column":3}},"24":{"start":{"line":62,"column":2},"end":{"line":65,"column":5}},"25":{"start":{"line":70,"column":0},"end":{"line":76,"column":3}},"26":{"start":{"line":71,"column":2},"end":{"line":71,"column":49}},"27":{"start":{"line":72,"column":2},"end":{"line":75,"column":5}},"28":{"start":{"line":79,"column":13},"end":{"line":79,"column":37}},"29":{"start":{"line":81,"column":0},"end":{"line":85,"column":3}},"30":{"start":{"line":82,"column":2},"end":{"line":82,"column":67}},"31":{"start":{"line":83,"column":2},"end":{"line":83,"column":77}},"32":{"start":{"line":84,"column":2},"end":{"line":84,"column":76}},"33":{"start":{"line":87,"column":0},"end":{"line":87,"column":21}}},"fnMap":{"0":{"name":"(anonymous_0)","decl":{"start":{"line":29,"column":8},"end":{"line":29,"column":9}},"loc":{"start":{"line":29,"column":28},"end":{"line":35,"column":1}},"line":29},"1":{"name":"(anonymous_1)","decl":{"start":{"line":38,"column":8},"end":{"line":38,"column":9}},"loc":{"start":{"line":38,"column":29},"end":{"line":41,"column":1}},"line":38},"2":{"name":"(anonymous_2)","decl":{"start":{"line":46,"column":13},"end":{"line":46,"column":14}},"loc":{"start":{"line":46,"column":28},"end":{"line":55,"column":1}},"line":46},"3":{"name":"(anonymous_3)","decl":{"start":{"line":61,"column":8},"end":{"line":61,"column":9}},"loc":{"start":{"line":61,"column":22},"end":{"line":66,"column":1}},"line":61},"4":{"name":"(anonymous_4)","decl":{"start":{"line":70,"column":8},"end":{"line":70,"column":9}},"loc":{"start":{"line":70,"column":35},"end":{"line":76,"column":1}},"line":70},"5":{"name":"(anonymous_5)","decl":{"start":{"line":81,"column":17},"end":{"line":81,"column":18}},"loc":{"start":{"line":81,"column":23},"end":{"line":85,"column":1}},"line":81}},"branchMap":{"0":{"loc":{"start":{"line":12,"column":0},"end":{"line":14,"column":1}},"type":"if","locations":[{"start":{"line":12,"column":0},"end":{"line":14,"column":1}},{"start":{},"end":{}}],"line":12},"1":{"loc":{"start":{"line":33,"column":2},"end":{"line":33,"column":59}},"type":"if","locations":[{"start":{"line":33,"column":2},"end":{"line":33,"column":59}},{"start":{},"end":{}}],"line":33},"2":{"loc":{"start":{"line":72,"column":13},"end":{"line":72,"column":30}},"type":"binary-expr","locations":[{"start":{"line":72,"column":13},"end":{"line":72,"column":23}},{"start":{"line":72,"column":27},"end":{"line":72,"column":30}}],"line":72},"3":{"loc":{"start":{"line":74,"column":13},"end":{"line":74,"column":55}},"type":"binary-expr","locations":[{"start":{"line":74,"column":13},"end":{"line":74,"column":24}},{"start":{"line":74,"column":28},"end":{"line":74,"column":55}}],"line":74},"4":{"loc":{"start":{"line":79,"column":13},"end":{"line":79,"column":37}},"type":"binary-expr","locations":[{"start":{"line":79,"column":13},"end":{"line":79,"column":29}},{"start":{"line":79,"column":33},"end":{"line":79,"column":37}}],"line":79},"5":{"loc":{"start":{"line":83,"column":36},"end":{"line":83,"column":73}},"type":"binary-expr","locations":[{"start":{"line":83,"column":36},"end":{"line":83,"column":56}},{"start":{"line":83,"column":60},"end":{"line":83,"column":73}}],"line":83}},"s":{"0":1,"1":1,"2":1,"3":1,"4":1,"5":0,"6":1,"7":1,"8":1,"9":1,"10":1,"11":18,"12":18,"13":18,"14":18,"15":0,"16":18,"17":1,"18":18,"19":18,"20":1,"21":1,"22":1,"23":1,"24":0,"25":1,"26":0,"27":0,"28":1,"29":1,"30":1,"31":1,"32":1,"33":1},"f":{"0":18,"1":18,"2":1,"3":0,"4":0,"5":1},"b":{"0":[0,1],"1":[0,18],"2":[0,0],"3":[0,0],"4":[1,0],"5":[1,0]},"_coverageSchema":"1a1c01bbd47fc00a2c39e90264f33305004495a9","hash":"e8adc045b9ce9d92547f081c320d3f4404061f41"}
,"/home/kh/Devops/Dockerisation/portfolio-api/src/config/connectdb.js": {"path":"/home/kh/Devops/Dockerisation/portfolio-api/src/config/connectdb.js","statementMap":{"0":{"start":{"line":1,"column":17},"end":{"line":1,"column":36}},"1":{"start":{"line":3,"column":18},"end":{"line":11,"column":1}},"2":{"start":{"line":4,"column":2},"end":{"line":10,"column":3}},"3":{"start":{"line":5,"column":17},"end":{"line":5,"column":62}},"4":{"start":{"line":6,"column":4},"end":{"line":6,"column":63}},"5":{"start":{"line":8,"column":4},"end":{"line":8,"column":46}},"6":{"start":{"line":9,"column":4},"end":{"line":9,"column":56}},"7":{"start":{"line":9,"column":41},"end":{"line":9,"column":56}},"8":{"start":{"line":13,"column":0},"end":{"line":13,"column":26}}},"fnMap":{"0":{"name":"(anonymous_0)","decl":{"start":{"line":3,"column":18},"end":{"line":3,"column":19}},"loc":{"start":{"line":3,"column":30},"end":{"line":11,"column":1}},"line":3}},"branchMap":{"0":{"loc":{"start":{"line":9,"column":4},"end":{"line":9,"column":56}},"type":"if","locations":[{"start":{"line":9,"column":4},"end":{"line":9,"column":56}},{"start":{},"end":{}}],"line":9}},"s":{"0":1,"1":1,"2":0,"3":0,"4":0,"5":0,"6":0,"7":0,"8":1},"f":{"0":0},"b":{"0":[0,0]},"_coverageSchema":"1a1c01bbd47fc00a2c39e90264f33305004495a9","hash":"c04d63c3a3bd6032232ffe14d4e560ac0292c338"}
,"/home/kh/Devops/Dockerisation/portfolio-api/src/controllers/projectController.js": {"path":"/home/kh/Devops/Dockerisation/portfolio-api/src/controllers/projectController.js","statementMap":{"0":{"start":{"line":4,"column":16},"end":{"line":4,"column":44}},"1":{"start":{"line":9,"column":18},"end":{"line":13,"column":1}},"2":{"start":{"line":10,"column":18},"end":{"line":10,"column":45}},"3":{"start":{"line":11,"column":2},"end":{"line":11,"column":40}},"4":{"start":{"line":11,"column":15},"end":{"line":11,"column":40}},"5":{"start":{"line":12,"column":2},"end":{"line":12,"column":46}},"6":{"start":{"line":19,"column":22},"end":{"line":59,"column":1}},"7":{"start":{"line":20,"column":2},"end":{"line":58,"column":3}},"8":{"start":{"line":21,"column":107},"end":{"line":21,"column":115}},"9":{"start":{"line":24,"column":4},"end":{"line":26,"column":5}},"10":{"start":{"line":25,"column":6},"end":{"line":25,"column":86}},"11":{"start":{"line":29,"column":20},"end":{"line":39,"column":6}},"12":{"start":{"line":41,"column":4},"end":{"line":45,"column":7}},"13":{"start":{"line":48,"column":4},"end":{"line":50,"column":5}},"14":{"start":{"line":49,"column":6},"end":{"line":49,"column":92}},"15":{"start":{"line":52,"column":4},"end":{"line":55,"column":5}},"16":{"start":{"line":53,"column":23},"end":{"line":53,"column":72}},"17":{"start":{"line":53,"column":62},"end":{"line":53,"column":71}},"18":{"start":{"line":54,"column":6},"end":{"line":54,"column":64}},"19":{"start":{"line":56,"column":4},"end":{"line":56,"column":44}},"20":{"start":{"line":57,"column":4},"end":{"line":57,"column":60}},"21":{"start":{"line":65,"column":23},"end":{"line":106,"column":1}},"22":{"start":{"line":66,"column":2},"end":{"line":105,"column":3}},"23":{"start":{"line":68,"column":19},"end":{"line":68,"column":21}},"24":{"start":{"line":71,"column":4},"end":{"line":73,"column":5}},"25":{"start":{"line":72,"column":6},"end":{"line":72,"column":39}},"26":{"start":{"line":76,"column":4},"end":{"line":78,"column":5}},"27":{"start":{"line":77,"column":6},"end":{"line":77,"column":51}},"28":{"start":{"line":81,"column":18},"end":{"line":81,"column":68}},"29":{"start":{"line":82,"column":18},"end":{"line":82,"column":70}},"30":{"start":{"line":83,"column":18},"end":{"line":83,"column":36}},"31":{"start":{"line":86,"column":17},"end":{"line":86,"column":47}},"32":{"start":{"line":89,"column":30},"end":{"line":92,"column":6}},"33":{"start":{"line":94,"column":4},"end":{"line":101,"column":7}},"34":{"start":{"line":103,"column":4},"end":{"line":103,"column":45}},"35":{"start":{"line":104,"column":4},"end":{"line":104,"column":60}},"36":{"start":{"line":112,"column":23},"end":{"line":132,"column":1}},"37":{"start":{"line":113,"column":2},"end":{"line":131,"column":3}},"38":{"start":{"line":114,"column":20},"end":{"line":114,"column":57}},"39":{"start":{"line":116,"column":4},"end":{"line":118,"column":5}},"40":{"start":{"line":117,"column":6},"end":{"line":117,"column":85}},"41":{"start":{"line":120,"column":4},"end":{"line":123,"column":7}},"42":{"start":{"line":126,"column":4},"end":{"line":128,"column":5}},"43":{"start":{"line":127,"column":6},"end":{"line":127,"column":86}},"44":{"start":{"line":129,"column":4},"end":{"line":129,"column":45}},"45":{"start":{"line":130,"column":4},"end":{"line":130,"column":60}},"46":{"start":{"line":138,"column":22},"end":{"line":191,"column":1}},"47":{"start":{"line":139,"column":2},"end":{"line":190,"column":3}},"48":{"start":{"line":141,"column":26},"end":{"line":145,"column":5}},"49":{"start":{"line":148,"column":23},"end":{"line":148,"column":25}},"50":{"start":{"line":149,"column":4},"end":{"line":153,"column":7}},"51":{"start":{"line":150,"column":6},"end":{"line":152,"column":7}},"52":{"start":{"line":151,"column":8},"end":{"line":151,"column":44}},"53":{"start":{"line":155,"column":4},"end":{"line":157,"column":5}},"54":{"start":{"line":156,"column":6},"end":{"line":156,"column":85}},"55":{"start":{"line":159,"column":20},"end":{"line":166,"column":5}},"56":{"start":{"line":168,"column":4},"end":{"line":170,"column":5}},"57":{"start":{"line":169,"column":6},"end":{"line":169,"column":85}},"58":{"start":{"line":172,"column":4},"end":{"line":176,"column":7}},"59":{"start":{"line":178,"column":4},"end":{"line":180,"column":5}},"60":{"start":{"line":179,"column":6},"end":{"line":179,"column":86}},"61":{"start":{"line":181,"column":4},"end":{"line":183,"column":5}},"62":{"start":{"line":182,"column":6},"end":{"line":182,"column":72}},"63":{"start":{"line":184,"column":4},"end":{"line":187,"column":5}},"64":{"start":{"line":185,"column":23},"end":{"line":185,"column":72}},"65":{"start":{"line":185,"column":62},"end":{"line":185,"column":71}},"66":{"start":{"line":186,"column":6},"end":{"line":186,"column":64}},"67":{"start":{"line":188,"column":4},"end":{"line":188,"column":44}},"68":{"start":{"line":189,"column":4},"end":{"line":189,"column":60}},"69":{"start":{"line":197,"column":22},"end":{"line":217,"column":1}},"70":{"start":{"line":198,"column":2},"end":{"line":216,"column":3}},"71":{"start":{"line":199,"column":20},"end":{"line":199,"column":66}},"72":{"start":{"line":201,"column":4},"end":{"line":203,"column":5}},"73":{"start":{"line":202,"column":6},"end":{"line":202,"column":85}},"74":{"start":{"line":205,"column":4},"end":{"line":209,"column":7}},"75":{"start":{"line":211,"column":4},"end":{"line":213,"column":5}},"76":{"start":{"line":212,"column":6},"end":{"line":212,"column":86}},"77":{"start":{"line":214,"column":4},"end":{"line":214,"column":44}},"78":{"start":{"line":215,"column":4},"end":{"line":215,"column":60}},"79":{"start":{"line":222,"column":0},"end":{"line":228,"column":2}}},"fnMap":{"0":{"name":"(anonymous_0)","decl":{"start":{"line":9,"column":18},"end":{"line":9,"column":19}},"loc":{"start":{"line":9,"column":64},"end":{"line":13,"column":1}},"line":9},"1":{"name":"(anonymous_1)","decl":{"start":{"line":19,"column":22},"end":{"line":19,"column":23}},"loc":{"start":{"line":19,"column":42},"end":{"line":59,"column":1}},"line":19},"2":{"name":"(anonymous_2)","decl":{"start":{"line":53,"column":55},"end":{"line":53,"column":56}},"loc":{"start":{"line":53,"column":62},"end":{"line":53,"column":71}},"line":53},"3":{"name":"(anonymous_3)","decl":{"start":{"line":65,"column":23},"end":{"line":65,"column":24}},"loc":{"start":{"line":65,"column":43},"end":{"line":106,"column":1}},"line":65},"4":{"name":"(anonymous_4)","decl":{"start":{"line":112,"column":23},"end":{"line":112,"column":24}},"loc":{"start":{"line":112,"column":43},"end":{"line":132,"column":1}},"line":112},"5":{"name":"(anonymous_5)","decl":{"start":{"line":138,"column":22},"end":{"line":138,"column":23}},"loc":{"start":{"line":138,"column":42},"end":{"line":191,"column":1}},"line":138},"6":{"name":"(anonymous_6)","decl":{"start":{"line":149,"column":26},"end":{"line":149,"column":27}},"loc":{"start":{"line":149,"column":37},"end":{"line":153,"column":5}},"line":149},"7":{"name":"(anonymous_7)","decl":{"start":{"line":185,"column":55},"end":{"line":185,"column":56}},"loc":{"start":{"line":185,"column":62},"end":{"line":185,"column":71}},"line":185},"8":{"name":"(anonymous_8)","decl":{"start":{"line":197,"column":22},"end":{"line":197,"column":23}},"loc":{"start":{"line":197,"column":42},"end":{"line":217,"column":1}},"line":197}},"branchMap":{"0":{"loc":{"start":{"line":9,"column":45},"end":{"line":9,"column":59}},"type":"default-arg","locations":[{"start":{"line":9,"column":55},"end":{"line":9,"column":59}}],"line":9},"1":{"loc":{"start":{"line":11,"column":2},"end":{"line":11,"column":40}},"type":"if","locations":[{"start":{"line":11,"column":2},"end":{"line":11,"column":40}},{"start":{},"end":{}}],"line":11},"2":{"loc":{"start":{"line":24,"column":4},"end":{"line":26,"column":5}},"type":"if","locations":[{"start":{"line":24,"column":4},"end":{"line":26,"column":5}},{"start":{},"end":{}}],"line":24},"3":{"loc":{"start":{"line":24,"column":8},"end":{"line":24,"column":30}},"type":"binary-expr","locations":[{"start":{"line":24,"column":8},"end":{"line":24,"column":14}},{"start":{"line":24,"column":18},"end":{"line":24,"column":30}}],"line":24},"4":{"loc":{"start":{"line":48,"column":4},"end":{"line":50,"column":5}},"type":"if","locations":[{"start":{"line":48,"column":4},"end":{"line":50,"column":5}},{"start":{},"end":{}}],"line":48},"5":{"loc":{"start":{"line":52,"column":4},"end":{"line":55,"column":5}},"type":"if","locations":[{"start":{"line":52,"column":4},"end":{"line":55,"column":5}},{"start":{},"end":{}}],"line":52},"6":{"loc":{"start":{"line":71,"column":4},"end":{"line":73,"column":5}},"type":"if","locations":[{"start":{"line":71,"column":4},"end":{"line":73,"column":5}},{"start":{},"end":{}}],"line":71},"7":{"loc":{"start":{"line":76,"column":4},"end":{"line":78,"column":5}},"type":"if","locations":[{"start":{"line":76,"column":4},"end":{"line":78,"column":5}},{"start":{},"end":{}}],"line":76},"8":{"loc":{"start":{"line":81,"column":30},"end":{"line":81,"column":67}},"type":"binary-expr","locations":[{"start":{"line":81,"column":30},"end":{"line":81,"column":61}},{"start":{"line":81,"column":66},"end":{"line":81,"column":67}}],"line":81},"9":{"loc":{"start":{"line":82,"column":31},"end":{"line":82,"column":69}},"type":"binary-expr","locations":[{"start":{"line":82,"column":31},"end":{"line":82,"column":63}},{"start":{"line":82,"column":67},"end":{"line":82,"column":69}}],"line":82},"10":{"loc":{"start":{"line":86,"column":17},"end":{"line":86,"column":47}},"type":"binary-expr","locations":[{"start":{"line":86,"column":17},"end":{"line":86,"column":31}},{"start":{"line":86,"column":35},"end":{"line":86,"column":47}}],"line":86},"11":{"loc":{"start":{"line":116,"column":4},"end":{"line":118,"column":5}},"type":"if","locations":[{"start":{"line":116,"column":4},"end":{"line":118,"column":5}},{"start":{},"end":{}}],"line":116},"12":{"loc":{"start":{"line":126,"column":4},"end":{"line":128,"column":5}},"type":"if","locations":[{"start":{"line":126,"column":4},"end":{"line":128,"column":5}},{"start":{},"end":{}}],"line":126},"13":{"loc":{"start":{"line":150,"column":6},"end":{"line":152,"column":7}},"type":"if","locations":[{"start":{"line":150,"column":6},"end":{"line":152,"column":7}},{"start":{},"end":{}}],"line":150},"14":{"loc":{"start":{"line":155,"column":4},"end":{"line":157,"column":5}},"type":"if","locations":[{"start":{"line":155,"column":4},"end":{"line":157,"column":5}},{"start":{},"end":{}}],"line":155},"15":{"loc":{"start":{"line":168,"column":4},"end":{"line":170,"column":5}},"type":"if","locations":[{"start":{"line":168,"column":4},"end":{"line":170,"column":5}},{"start":{},"end":{}}],"line":168},"16":{"loc":{"start":{"line":178,"column":4},"end":{"line":180,"column":5}},"type":"if","locations":[{"start":{"line":178,"column":4},"end":{"line":180,"column":5}},{"start":{},"end":{}}],"line":178},"17":{"loc":{"start":{"line":181,"column":4},"end":{"line":183,"column":5}},"type":"if","locations":[{"start":{"line":181,"column":4},"end":{"line":183,"column":5}},{"start":{},"end":{}}],"line":181},"18":{"loc":{"start":{"line":184,"column":4},"end":{"line":187,"column":5}},"type":"if","locations":[{"start":{"line":184,"column":4},"end":{"line":187,"column":5}},{"start":{},"end":{}}],"line":184},"19":{"loc":{"start":{"line":201,"column":4},"end":{"line":203,"column":5}},"type":"if","locations":[{"start":{"line":201,"column":4},"end":{"line":203,"column":5}},{"start":{},"end":{}}],"line":201},"20":{"loc":{"start":{"line":211,"column":4},"end":{"line":213,"column":5}},"type":"if","locations":[{"start":{"line":211,"column":4},"end":{"line":213,"column":5}},{"start":{},"end":{}}],"line":211}},"s":{"0":1,"1":1,"2":7,"3":7,"4":0,"5":7,"6":1,"7":7,"8":7,"9":7,"10":2,"11":5,"12":5,"13":0,"14":0,"15":0,"16":0,"17":0,"18":0,"19":0,"20":0,"21":1,"22":2,"23":2,"24":2,"25":0,"26":2,"27":0,"28":2,"29":2,"30":2,"31":2,"32":2,"33":2,"34":0,"35":0,"36":1,"37":4,"38":4,"39":3,"40":2,"41":1,"42":1,"43":1,"44":0,"45":0,"46":1,"47":2,"48":2,"49":2,"50":2,"51":18,"52":3,"53":2,"54":0,"55":2,"56":2,"57":1,"58":1,"59":0,"60":0,"61":0,"62":0,"63":0,"64":0,"65":0,"66":0,"67":0,"68":0,"69":1,"70":2,"71":2,"72":2,"73":1,"74":1,"75":0,"76":0,"77":0,"78":0,"79":1},"f":{"0":7,"1":7,"2":0,"3":2,"4":4,"5":2,"6":18,"7":0,"8":2},"b":{"0":[7],"1":[0,7],"2":[2,5],"3":[7,6],"4":[0,0],"5":[0,0],"6":[0,2],"7":[0,2],"8":[2,2],"9":[2,2],"10":[2,2],"11":[2,1],"12":[1,0],"13":[3,15],"14":[0,2],"15":[1,1],"16":[0,0],"17":[0,0],"18":[0,0],"19":[1,1],"20":[0,0]},"_coverageSchema":"1a1c01bbd47fc00a2c39e90264f33305004495a9","hash":"8f2643e9db6c5c3ab93f2b7a9dce9bad242847e6"}
,"/home/kh/Devops/Dockerisation/portfolio-api/src/models/Project.js": {"path":"/home/kh/Devops/Dockerisation/portfolio-api/src/models/Project.js","statementMap":{"0":{"start":{"line":4,"column":17},"end":{"line":4,"column":36}},"1":{"start":{"line":22,"column":22},"end":{"line":94,"column":1}},"2":{"start":{"line":97,"column":0},"end":{"line":97,"column":82}},"3":{"start":{"line":100,"column":16},"end":{"line":100,"column":56}},"4":{"start":{"line":102,"column":0},"end":{"line":102,"column":25}}},"fnMap":{},"branchMap":{},"s":{"0":1,"1":1,"2":1,"3":1,"4":1},"f":{},"b":{},"_coverageSchema":"1a1c01bbd47fc00a2c39e90264f33305004495a9","hash":"1ea7df49de896a037d78b9f8b41adc65eab74df9"}
,"/home/kh/Devops/Dockerisation/portfolio-api/src/routes/projectRoutes.js": {"path":"/home/kh/Devops/Dockerisation/portfolio-api/src/routes/projectRoutes.js","statementMap":{"0":{"start":{"line":4,"column":16},"end":{"line":4,"column":34}},"1":{"start":{"line":5,"column":16},"end":{"line":5,"column":32}},"2":{"start":{"line":13,"column":4},"end":{"line":13,"column":47}},"3":{"start":{"line":28,"column":0},"end":{"line":31,"column":23}},"4":{"start":{"line":34,"column":0},"end":{"line":38,"column":25}},"5":{"start":{"line":40,"column":0},"end":{"line":40,"column":24}}},"fnMap":{},"branchMap":{},"s":{"0":1,"1":1,"2":1,"3":1,"4":1,"5":1},"f":{},"b":{},"_coverageSchema":"1a1c01bbd47fc00a2c39e90264f33305004495a9","hash":"ac4c753feb9424a8b41b42b6b2a09e66d095b533"}
}
