TN:
SF:src/app.js
FN:29,(anonymous_0)
FN:38,(anonymous_1)
FN:46,(anonymous_2)
FN:61,(anonymous_3)
FN:70,(anonymous_4)
FN:81,(anonymous_5)
FNF:6
FNH:4
FNDA:18,(anonymous_0)
FNDA:18,(anonymous_1)
FNDA:1,(anonymous_2)
FNDA:0,(anonymous_3)
FNDA:0,(anonymous_4)
FNDA:1,(anonymous_5)
DA:5,1
DA:7,1
DA:8,1
DA:9,1
DA:12,1
DA:13,0
DA:17,1
DA:18,1
DA:23,1
DA:26,1
DA:29,1
DA:30,18
DA:31,18
DA:32,18
DA:33,18
DA:34,18
DA:38,1
DA:39,18
DA:40,18
DA:46,1
DA:47,1
DA:58,1
DA:61,1
DA:62,0
DA:70,1
DA:71,0
DA:72,0
DA:79,1
DA:81,1
DA:82,1
DA:83,1
DA:84,1
DA:87,1
LF:33
LH:29
BRDA:12,0,0,0
BRDA:12,0,1,1
BRDA:33,1,0,0
BRDA:33,1,1,18
BRDA:72,2,0,0
BRDA:72,2,1,0
BRDA:74,3,0,0
BRDA:74,3,1,0
BRDA:79,4,0,1
BRDA:79,4,1,0
BRDA:83,5,0,1
BRDA:83,5,1,0
BRF:12
BRH:4
end_of_record
TN:
SF:src/config/connectdb.js
FN:3,(anonymous_0)
FNF:1
FNH:0
FNDA:0,(anonymous_0)
DA:1,1
DA:3,1
DA:4,0
DA:5,0
DA:6,0
DA:8,0
DA:9,0
DA:13,1
LF:8
LH:3
BRDA:9,0,0,0
BRDA:9,0,1,0
BRF:2
BRH:0
end_of_record
TN:
SF:src/controllers/projectController.js
FN:9,(anonymous_0)
FN:19,(anonymous_1)
FN:53,(anonymous_2)
FN:65,(anonymous_3)
FN:112,(anonymous_4)
FN:138,(anonymous_5)
FN:149,(anonymous_6)
FN:185,(anonymous_7)
FN:197,(anonymous_8)
FNF:9
FNH:7
FNDA:7,(anonymous_0)
FNDA:7,(anonymous_1)
FNDA:0,(anonymous_2)
FNDA:2,(anonymous_3)
FNDA:4,(anonymous_4)
FNDA:2,(anonymous_5)
FNDA:18,(anonymous_6)
FNDA:0,(anonymous_7)
FNDA:2,(anonymous_8)
DA:4,1
DA:9,1
DA:10,7
DA:11,7
DA:12,7
DA:19,1
DA:20,7
DA:21,7
DA:24,7
DA:25,2
DA:29,5
DA:41,5
DA:48,0
DA:49,0
DA:52,0
DA:53,0
DA:54,0
DA:56,0
DA:57,0
DA:65,1
DA:66,2
DA:68,2
DA:71,2
DA:72,0
DA:76,2
DA:77,0
DA:81,2
DA:82,2
DA:83,2
DA:86,2
DA:89,2
DA:94,2
DA:103,0
DA:104,0
DA:112,1
DA:113,4
DA:114,4
DA:116,3
DA:117,2
DA:120,1
DA:126,1
DA:127,1
DA:129,0
DA:130,0
DA:138,1
DA:139,2
DA:141,2
DA:148,2
DA:149,2
DA:150,18
DA:151,3
DA:155,2
DA:156,0
DA:159,2
DA:168,2
DA:169,1
DA:172,1
DA:178,0
DA:179,0
DA:181,0
DA:182,0
DA:184,0
DA:185,0
DA:186,0
DA:188,0
DA:189,0
DA:197,1
DA:198,2
DA:199,2
DA:201,2
DA:202,1
DA:205,1
DA:211,0
DA:212,0
DA:214,0
DA:215,0
DA:222,1
LF:77
LH:50
BRDA:9,0,0,7
BRDA:11,1,0,0
BRDA:11,1,1,7
BRDA:24,2,0,2
BRDA:24,2,1,5
BRDA:24,3,0,7
BRDA:24,3,1,6
BRDA:48,4,0,0
BRDA:48,4,1,0
BRDA:52,5,0,0
BRDA:52,5,1,0
BRDA:71,6,0,0
BRDA:71,6,1,2
BRDA:76,7,0,0
BRDA:76,7,1,2
BRDA:81,8,0,2
BRDA:81,8,1,2
BRDA:82,9,0,2
BRDA:82,9,1,2
BRDA:86,10,0,2
BRDA:86,10,1,2
BRDA:116,11,0,2
BRDA:116,11,1,1
BRDA:126,12,0,1
BRDA:126,12,1,0
BRDA:150,13,0,3
BRDA:150,13,1,15
BRDA:155,14,0,0
BRDA:155,14,1,2
BRDA:168,15,0,1
BRDA:168,15,1,1
BRDA:178,16,0,0
BRDA:178,16,1,0
BRDA:181,17,0,0
BRDA:181,17,1,0
BRDA:184,18,0,0
BRDA:184,18,1,0
BRDA:201,19,0,1
BRDA:201,19,1,1
BRDA:211,20,0,0
BRDA:211,20,1,0
BRF:41
BRH:24
end_of_record
TN:
SF:src/models/Project.js
FNF:0
FNH:0
DA:4,1
DA:22,1
DA:97,1
DA:100,1
DA:102,1
LF:5
LH:5
BRF:0
BRH:0
end_of_record
TN:
SF:src/routes/projectRoutes.js
FNF:0
FNH:0
DA:4,1
DA:5,1
DA:13,1
DA:28,1
DA:34,1
DA:40,1
LF:6
LH:6
BRF:0
BRH:0
end_of_record
