{"/home/kh/Devops/Dockerisation/React/src/App.js": {"path":"/home/kh/Devops/Dockerisation/React/src/App.js","statementMap":{"0":{"start":{"line":11,"column":16},"end":{"line":128,"column":1}},"1":{"start":{"line":12,"column":28},"end":{"line":12,"column":69}},"2":{"start":{"line":14,"column":2},"end":{"line":22,"column":9}},"3":{"start":{"line":15,"column":4},"end":{"line":21,"column":23}},"4":{"start":{"line":16,"column":22},"end":{"line":16,"column":30}},"5":{"start":{"line":17,"column":29},"end":{"line":19,"column":7}},"6":{"start":{"line":18,"column":29},"end":{"line":18,"column":49}},"7":{"start":{"line":18,"column":60},"end":{"line":18,"column":82}},"8":{"start":{"line":20,"column":6},"end":{"line":20,"column":79}},"9":{"start":{"line":24,"column":2},"end":{"line":127,"column":4}},"10":{"start":{"line":103,"column":16},"end":{"line":103,"column":64}},"11":{"start":{"line":111,"column":16},"end":{"line":111,"column":64}},"12":{"start":{"line":119,"column":16},"end":{"line":119,"column":64}},"13":{"start":{"line":130,"column":0},"end":{"line":132,"column":2}},"14":{"start":{"line":137,"column":16},"end":{"line":209,"column":1}},"15":{"start":{"line":138,"column":26},"end":{"line":138,"column":82}},"16":{"start":{"line":139,"column":23},"end":{"line":139,"column":81}},"17":{"start":{"line":139,"column":28},"end":{"line":139,"column":81}},"18":{"start":{"line":140,"column":23},"end":{"line":144,"column":3}},"19":{"start":{"line":141,"column":4},"end":{"line":141,"column":23}},"20":{"start":{"line":142,"column":4},"end":{"line":142,"column":53}},"21":{"start":{"line":143,"column":4},"end":{"line":143,"column":60}},"22":{"start":{"line":146,"column":2},"end":{"line":208,"column":4}},"23":{"start":{"line":188,"column":29},"end":{"line":188,"column":84}},"24":{"start":{"line":211,"column":0},"end":{"line":213,"column":2}},"25":{"start":{"line":218,"column":14},"end":{"line":222,"column":1}},"26":{"start":{"line":219,"column":2},"end":{"line":221,"column":8}},"27":{"start":{"line":224,"column":0},"end":{"line":228,"column":2}},"28":{"start":{"line":233,"column":13},"end":{"line":233,"column":57}},"29":{"start":{"line":236,"column":38},"end":{"line":236,"column":57}},"30":{"start":{"line":237,"column":38},"end":{"line":237,"column":92}},"31":{"start":{"line":238,"column":38},"end":{"line":238,"column":49}},"32":{"start":{"line":240,"column":20},"end":{"line":243,"column":8}},"33":{"start":{"line":241,"column":4},"end":{"line":241,"column":43}},"34":{"start":{"line":242,"column":4},"end":{"line":242,"column":70}},"35":{"start":{"line":242,"column":21},"end":{"line":242,"column":62}},"36":{"start":{"line":242,"column":36},"end":{"line":242,"column":60}},"37":{"start":{"line":245,"column":30},"end":{"line":254,"column":3}},"38":{"start":{"line":246,"column":4},"end":{"line":253,"column":5}},"39":{"start":{"line":247,"column":6},"end":{"line":247,"column":28}},"40":{"start":{"line":248,"column":6},"end":{"line":248,"column":58}},"41":{"start":{"line":249,"column":6},"end":{"line":249,"column":32}},"42":{"start":{"line":249,"column":25},"end":{"line":249,"column":30}},"43":{"start":{"line":250,"column":6},"end":{"line":250,"column":30}},"44":{"start":{"line":252,"column":6},"end":{"line":252,"column":51}},"45":{"start":{"line":256,"column":2},"end":{"line":328,"column":4}},"46":{"start":{"line":275,"column":14},"end":{"line":281,"column":23}},"47":{"start":{"line":278,"column":31},"end":{"line":278,"column":48}},"48":{"start":{"line":293,"column":44},"end":{"line":293,"column":67}},"49":{"start":{"line":304,"column":28},"end":{"line":304,"column":51}}},"fnMap":{"0":{"name":"(anonymous_0)","decl":{"start":{"line":11,"column":16},"end":{"line":11,"column":17}},"loc":{"start":{"line":11,"column":43},"end":{"line":128,"column":1}},"line":11},"1":{"name":"(anonymous_1)","decl":{"start":{"line":14,"column":12},"end":{"line":14,"column":13}},"loc":{"start":{"line":14,"column":18},"end":{"line":22,"column":3}},"line":14},"2":{"name":"(anonymous_2)","decl":{"start":{"line":15,"column":22},"end":{"line":15,"column":23}},"loc":{"start":{"line":15,"column":29},"end":{"line":21,"column":5}},"line":15},"3":{"name":"(anonymous_3)","decl":{"start":{"line":18,"column":24},"end":{"line":18,"column":25}},"loc":{"start":{"line":18,"column":29},"end":{"line":18,"column":49}},"line":18},"4":{"name":"(anonymous_4)","decl":{"start":{"line":18,"column":55},"end":{"line":18,"column":56}},"loc":{"start":{"line":18,"column":60},"end":{"line":18,"column":82}},"line":18},"5":{"name":"(anonymous_5)","decl":{"start":{"line":21,"column":13},"end":{"line":21,"column":14}},"loc":{"start":{"line":21,"column":19},"end":{"line":21,"column":21}},"line":21},"6":{"name":"(anonymous_6)","decl":{"start":{"line":102,"column":69},"end":{"line":102,"column":70}},"loc":{"start":{"line":103,"column":16},"end":{"line":103,"column":64}},"line":103},"7":{"name":"(anonymous_7)","decl":{"start":{"line":110,"column":47},"end":{"line":110,"column":48}},"loc":{"start":{"line":111,"column":16},"end":{"line":111,"column":64}},"line":111},"8":{"name":"(anonymous_8)","decl":{"start":{"line":118,"column":41},"end":{"line":118,"column":42}},"loc":{"start":{"line":119,"column":16},"end":{"line":119,"column":64}},"line":119},"9":{"name":"(anonymous_9)","decl":{"start":{"line":137,"column":16},"end":{"line":137,"column":17}},"loc":{"start":{"line":137,"column":31},"end":{"line":209,"column":1}},"line":137},"10":{"name":"(anonymous_10)","decl":{"start":{"line":139,"column":23},"end":{"line":139,"column":24}},"loc":{"start":{"line":139,"column":28},"end":{"line":139,"column":81}},"line":139},"11":{"name":"(anonymous_11)","decl":{"start":{"line":140,"column":23},"end":{"line":140,"column":24}},"loc":{"start":{"line":140,"column":28},"end":{"line":144,"column":3}},"line":140},"12":{"name":"(anonymous_12)","decl":{"start":{"line":188,"column":23},"end":{"line":188,"column":24}},"loc":{"start":{"line":188,"column":29},"end":{"line":188,"column":84}},"line":188},"13":{"name":"(anonymous_13)","decl":{"start":{"line":218,"column":14},"end":{"line":218,"column":15}},"loc":{"start":{"line":219,"column":2},"end":{"line":221,"column":8}},"line":219},"14":{"name":"App","decl":{"start":{"line":235,"column":24},"end":{"line":235,"column":27}},"loc":{"start":{"line":235,"column":30},"end":{"line":329,"column":1}},"line":235},"15":{"name":"(anonymous_15)","decl":{"start":{"line":240,"column":32},"end":{"line":240,"column":33}},"loc":{"start":{"line":240,"column":59},"end":{"line":243,"column":3}},"line":240},"16":{"name":"(anonymous_16)","decl":{"start":{"line":242,"column":15},"end":{"line":242,"column":16}},"loc":{"start":{"line":242,"column":21},"end":{"line":242,"column":62}},"line":242},"17":{"name":"(anonymous_17)","decl":{"start":{"line":242,"column":30},"end":{"line":242,"column":31}},"loc":{"start":{"line":242,"column":36},"end":{"line":242,"column":60}},"line":242},"18":{"name":"(anonymous_18)","decl":{"start":{"line":245,"column":30},"end":{"line":245,"column":31}},"loc":{"start":{"line":245,"column":46},"end":{"line":254,"column":3}},"line":245},"19":{"name":"(anonymous_19)","decl":{"start":{"line":249,"column":20},"end":{"line":249,"column":21}},"loc":{"start":{"line":249,"column":25},"end":{"line":249,"column":30}},"line":249},"20":{"name":"(anonymous_20)","decl":{"start":{"line":274,"column":22},"end":{"line":274,"column":23}},"loc":{"start":{"line":275,"column":14},"end":{"line":281,"column":23}},"line":275},"21":{"name":"(anonymous_21)","decl":{"start":{"line":278,"column":25},"end":{"line":278,"column":26}},"loc":{"start":{"line":278,"column":31},"end":{"line":278,"column":48}},"line":278},"22":{"name":"(anonymous_22)","decl":{"start":{"line":293,"column":38},"end":{"line":293,"column":39}},"loc":{"start":{"line":293,"column":44},"end":{"line":293,"column":67}},"line":293},"23":{"name":"(anonymous_23)","decl":{"start":{"line":304,"column":22},"end":{"line":304,"column":23}},"loc":{"start":{"line":304,"column":28},"end":{"line":304,"column":51}},"line":304}},"branchMap":{"0":{"loc":{"start":{"line":18,"column":29},"end":{"line":18,"column":49}},"type":"binary-expr","locations":[{"start":{"line":18,"column":29},"end":{"line":18,"column":43}},{"start":{"line":18,"column":47},"end":{"line":18,"column":49}}],"line":18},"1":{"loc":{"start":{"line":219,"column":35},"end":{"line":219,"column":65}},"type":"cond-expr","locations":[{"start":{"line":219,"column":45},"end":{"line":219,"column":60}},{"start":{"line":219,"column":63},"end":{"line":219,"column":65}}],"line":219},"2":{"loc":{"start":{"line":220,"column":11},"end":{"line":220,"column":41}},"type":"cond-expr","locations":[{"start":{"line":220,"column":32},"end":{"line":220,"column":35}},{"start":{"line":220,"column":38},"end":{"line":220,"column":41}}],"line":220},"3":{"loc":{"start":{"line":240,"column":38},"end":{"line":240,"column":54}},"type":"default-arg","locations":[{"start":{"line":240,"column":45},"end":{"line":240,"column":54}}],"line":240},"4":{"loc":{"start":{"line":277,"column":38},"end":{"line":277,"column":71}},"type":"cond-expr","locations":[{"start":{"line":277,"column":58},"end":{"line":277,"column":66}},{"start":{"line":277,"column":69},"end":{"line":277,"column":71}}],"line":277},"5":{"loc":{"start":{"line":292,"column":9},"end":{"line":294,"column":9}},"type":"binary-expr","locations":[{"start":{"line":292,"column":9},"end":{"line":292,"column":32}},{"start":{"line":293,"column":10},"end":{"line":293,"column":71}}],"line":292},"6":{"loc":{"start":{"line":295,"column":9},"end":{"line":300,"column":9}},"type":"binary-expr","locations":[{"start":{"line":295,"column":9},"end":{"line":295,"column":32}},{"start":{"line":296,"column":10},"end":{"line":299,"column":12}}],"line":295},"7":{"loc":{"start":{"line":301,"column":9},"end":{"line":306,"column":9}},"type":"binary-expr","locations":[{"start":{"line":301,"column":9},"end":{"line":301,"column":32}},{"start":{"line":302,"column":10},"end":{"line":305,"column":12}}],"line":301},"8":{"loc":{"start":{"line":307,"column":9},"end":{"line":309,"column":9}},"type":"binary-expr","locations":[{"start":{"line":307,"column":9},"end":{"line":307,"column":32}},{"start":{"line":308,"column":10},"end":{"line":308,"column":39}}],"line":307}},"s":{"0":1,"1":3,"2":3,"3":3,"4":3,"5":3,"6":0,"7":0,"8":3,"9":3,"10":15,"11":6,"12":6,"13":1,"14":1,"15":1,"16":1,"17":0,"18":1,"19":0,"20":0,"21":0,"22":1,"23":0,"24":1,"25":1,"26":5,"27":1,"28":1,"29":5,"30":5,"31":5,"32":5,"33":0,"34":0,"35":0,"36":0,"37":5,"38":0,"39":0,"40":0,"41":0,"42":0,"43":0,"44":0,"45":5,"46":20,"47":2,"48":0,"49":0},"f":{"0":3,"1":3,"2":3,"3":0,"4":0,"5":0,"6":15,"7":6,"8":6,"9":1,"10":0,"11":0,"12":0,"13":5,"14":5,"15":0,"16":0,"17":0,"18":0,"19":0,"20":20,"21":2,"22":0,"23":0},"b":{"0":[0,0],"1":[0,5],"2":[5,0],"3":[0],"4":[5,15],"5":[5,3],"6":[5,1],"7":[5,0],"8":[5,1]},"_coverageSchema":"1a1c01bbd47fc00a2c39e90264f33305004495a9","hash":"2784773407f9c7e24962760e6db64e675f777dc7"}
,"/home/kh/Devops/Dockerisation/React/src/api.js": {"path":"/home/kh/Devops/Dockerisation/React/src/api.js","statementMap":{"0":{"start":{"line":3,"column":16},"end":{"line":3,"column":85}},"1":{"start":{"line":5,"column":12},"end":{"line":9,"column":2}},"2":{"start":{"line":12,"column":14},"end":{"line":20,"column":2}},"3":{"start":{"line":12,"column":27},"end":{"line":20,"column":1}},"4":{"start":{"line":23,"column":16},"end":{"line":32,"column":2}},"5":{"start":{"line":23,"column":24},"end":{"line":32,"column":1}},"6":{"start":{"line":34,"column":28},"end":{"line":35,"column":74}},"7":{"start":{"line":35,"column":2},"end":{"line":35,"column":74}},"8":{"start":{"line":35,"column":28},"end":{"line":35,"column":72}},"9":{"start":{"line":37,"column":28},"end":{"line":38,"column":75}},"10":{"start":{"line":38,"column":2},"end":{"line":38,"column":75}},"11":{"start":{"line":38,"column":33},"end":{"line":38,"column":73}},"12":{"start":{"line":40,"column":28},"end":{"line":40,"column":68}},"13":{"start":{"line":40,"column":40},"end":{"line":40,"column":68}},"14":{"start":{"line":42,"column":28},"end":{"line":42,"column":76}},"15":{"start":{"line":42,"column":44},"end":{"line":42,"column":76}},"16":{"start":{"line":44,"column":28},"end":{"line":44,"column":56}},"17":{"start":{"line":44,"column":36},"end":{"line":44,"column":56}}},"fnMap":{"0":{"name":"(anonymous_0)","decl":{"start":{"line":12,"column":14},"end":{"line":12,"column":15}},"loc":{"start":{"line":12,"column":27},"end":{"line":20,"column":1}},"line":12},"1":{"name":"(anonymous_1)","decl":{"start":{"line":23,"column":16},"end":{"line":23,"column":17}},"loc":{"start":{"line":23,"column":24},"end":{"line":32,"column":1}},"line":23},"2":{"name":"(anonymous_2)","decl":{"start":{"line":34,"column":28},"end":{"line":34,"column":29}},"loc":{"start":{"line":35,"column":2},"end":{"line":35,"column":74}},"line":35},"3":{"name":"(anonymous_3)","decl":{"start":{"line":35,"column":20},"end":{"line":35,"column":21}},"loc":{"start":{"line":35,"column":28},"end":{"line":35,"column":72}},"line":35},"4":{"name":"(anonymous_4)","decl":{"start":{"line":37,"column":28},"end":{"line":37,"column":29}},"loc":{"start":{"line":38,"column":2},"end":{"line":38,"column":75}},"line":38},"5":{"name":"(anonymous_5)","decl":{"start":{"line":38,"column":25},"end":{"line":38,"column":26}},"loc":{"start":{"line":38,"column":33},"end":{"line":38,"column":73}},"line":38},"6":{"name":"(anonymous_6)","decl":{"start":{"line":40,"column":28},"end":{"line":40,"column":29}},"loc":{"start":{"line":40,"column":40},"end":{"line":40,"column":68}},"line":40},"7":{"name":"(anonymous_7)","decl":{"start":{"line":42,"column":28},"end":{"line":42,"column":29}},"loc":{"start":{"line":42,"column":44},"end":{"line":42,"column":76}},"line":42},"8":{"name":"(anonymous_8)","decl":{"start":{"line":44,"column":28},"end":{"line":44,"column":29}},"loc":{"start":{"line":44,"column":36},"end":{"line":44,"column":56}},"line":44}},"branchMap":{"0":{"loc":{"start":{"line":3,"column":16},"end":{"line":3,"column":85}},"type":"binary-expr","locations":[{"start":{"line":3,"column":16},"end":{"line":3,"column":45}},{"start":{"line":3,"column":49},"end":{"line":3,"column":85}}],"line":3},"1":{"loc":{"start":{"line":15,"column":16},"end":{"line":15,"column":41}},"type":"binary-expr","locations":[{"start":{"line":15,"column":16},"end":{"line":15,"column":35}},{"start":{"line":15,"column":39},"end":{"line":15,"column":41}}],"line":15},"2":{"loc":{"start":{"line":16,"column":16},"end":{"line":16,"column":35}},"type":"binary-expr","locations":[{"start":{"line":16,"column":16},"end":{"line":16,"column":27}},{"start":{"line":16,"column":31},"end":{"line":16,"column":35}}],"line":16},"3":{"loc":{"start":{"line":17,"column":16},"end":{"line":17,"column":36}},"type":"binary-expr","locations":[{"start":{"line":17,"column":16},"end":{"line":17,"column":28}},{"start":{"line":17,"column":32},"end":{"line":17,"column":36}}],"line":17},"4":{"loc":{"start":{"line":18,"column":16},"end":{"line":18,"column":42}},"type":"binary-expr","locations":[{"start":{"line":18,"column":16},"end":{"line":18,"column":29}},{"start":{"line":18,"column":33},"end":{"line":18,"column":42}}],"line":18},"5":{"loc":{"start":{"line":19,"column":16},"end":{"line":19,"column":55}},"type":"binary-expr","locations":[{"start":{"line":19,"column":16},"end":{"line":19,"column":27}},{"start":{"line":19,"column":31},"end":{"line":19,"column":55}}],"line":19},"6":{"loc":{"start":{"line":27,"column":16},"end":{"line":27,"column":36}},"type":"binary-expr","locations":[{"start":{"line":27,"column":16},"end":{"line":27,"column":30}},{"start":{"line":27,"column":34},"end":{"line":27,"column":36}}],"line":27},"7":{"loc":{"start":{"line":28,"column":16},"end":{"line":28,"column":33}},"type":"binary-expr","locations":[{"start":{"line":28,"column":16},"end":{"line":28,"column":27}},{"start":{"line":28,"column":31},"end":{"line":28,"column":33}}],"line":28},"8":{"loc":{"start":{"line":29,"column":16},"end":{"line":29,"column":32}},"type":"binary-expr","locations":[{"start":{"line":29,"column":16},"end":{"line":29,"column":26}},{"start":{"line":29,"column":30},"end":{"line":29,"column":32}}],"line":29},"9":{"loc":{"start":{"line":30,"column":16},"end":{"line":30,"column":42}},"type":"binary-expr","locations":[{"start":{"line":30,"column":16},"end":{"line":30,"column":27}},{"start":{"line":30,"column":31},"end":{"line":30,"column":42}}],"line":30}},"s":{"0":0,"1":0,"2":0,"3":0,"4":0,"5":0,"6":0,"7":0,"8":0,"9":0,"10":0,"11":0,"12":0,"13":0,"14":0,"15":0,"16":0,"17":0},"f":{"0":0,"1":0,"2":0,"3":0,"4":0,"5":0,"6":0,"7":0,"8":0},"b":{"0":[0,0],"1":[0,0],"2":[0,0],"3":[0,0],"4":[0,0],"5":[0,0],"6":[0,0],"7":[0,0],"8":[0,0],"9":[0,0]}}
,"/home/kh/Devops/Dockerisation/React/src/index.js": {"path":"/home/kh/Devops/Dockerisation/React/src/index.js","statementMap":{"0":{"start":{"line":7,"column":13},"end":{"line":7,"column":65}},"1":{"start":{"line":8,"column":0},"end":{"line":12,"column":2}},"2":{"start":{"line":17,"column":0},"end":{"line":17,"column":18}}},"fnMap":{},"branchMap":{},"s":{"0":0,"1":0,"2":0},"f":{},"b":{}}
,"/home/kh/Devops/Dockerisation/React/src/reportWebVitals.js": {"path":"/home/kh/Devops/Dockerisation/React/src/reportWebVitals.js","statementMap":{"0":{"start":{"line":1,"column":24},"end":{"line":11,"column":1}},"1":{"start":{"line":2,"column":2},"end":{"line":10,"column":3}},"2":{"start":{"line":3,"column":4},"end":{"line":9,"column":7}},"3":{"start":{"line":4,"column":6},"end":{"line":4,"column":26}},"4":{"start":{"line":5,"column":6},"end":{"line":5,"column":26}},"5":{"start":{"line":6,"column":6},"end":{"line":6,"column":26}},"6":{"start":{"line":7,"column":6},"end":{"line":7,"column":26}},"7":{"start":{"line":8,"column":6},"end":{"line":8,"column":27}}},"fnMap":{"0":{"name":"(anonymous_0)","decl":{"start":{"line":1,"column":24},"end":{"line":1,"column":25}},"loc":{"start":{"line":1,"column":39},"end":{"line":11,"column":1}},"line":1},"1":{"name":"(anonymous_1)","decl":{"start":{"line":3,"column":30},"end":{"line":3,"column":31}},"loc":{"start":{"line":3,"column":79},"end":{"line":9,"column":5}},"line":3}},"branchMap":{"0":{"loc":{"start":{"line":2,"column":2},"end":{"line":10,"column":3}},"type":"if","locations":[{"start":{"line":2,"column":2},"end":{"line":10,"column":3}},{"start":{},"end":{}}],"line":2},"1":{"loc":{"start":{"line":2,"column":6},"end":{"line":2,"column":54}},"type":"binary-expr","locations":[{"start":{"line":2,"column":6},"end":{"line":2,"column":17}},{"start":{"line":2,"column":21},"end":{"line":2,"column":54}}],"line":2}},"s":{"0":0,"1":0,"2":0,"3":0,"4":0,"5":0,"6":0,"7":0},"f":{"0":0,"1":0},"b":{"0":[0,0],"1":[0,0]}}
,"/home/kh/Devops/Dockerisation/React/src/components/AjouterProjet.jsx": {"path":"/home/kh/Devops/Dockerisation/React/src/components/AjouterProjet.jsx","statementMap":{"0":{"start":{"line":4,"column":22},"end":{"line":140,"column":1}},"1":{"start":{"line":5,"column":26},"end":{"line":12,"column":4}},"2":{"start":{"line":13,"column":42},"end":{"line":13,"column":54}},"3":{"start":{"line":14,"column":30},"end":{"line":14,"column":42}},"4":{"start":{"line":15,"column":32},"end":{"line":15,"column":47}},"5":{"start":{"line":17,"column":23},"end":{"line":20,"column":3}},"6":{"start":{"line":18,"column":4},"end":{"line":18,"column":58}},"7":{"start":{"line":19,"column":4},"end":{"line":19,"column":50}},"8":{"start":{"line":22,"column":21},"end":{"line":26,"column":3}},"9":{"start":{"line":23,"column":18},"end":{"line":23,"column":40}},"10":{"start":{"line":24,"column":4},"end":{"line":24,"column":19}},"11":{"start":{"line":25,"column":4},"end":{"line":25,"column":46}},"12":{"start":{"line":28,"column":22},"end":{"line":37,"column":3}},"13":{"start":{"line":29,"column":17},"end":{"line":29,"column":34}},"14":{"start":{"line":30,"column":4},"end":{"line":30,"column":22}},"15":{"start":{"line":30,"column":15},"end":{"line":30,"column":22}},"16":{"start":{"line":31,"column":19},"end":{"line":31,"column":35}},"17":{"start":{"line":32,"column":4},"end":{"line":35,"column":6}},"18":{"start":{"line":33,"column":6},"end":{"line":33,"column":40}},"19":{"start":{"line":34,"column":6},"end":{"line":34,"column":52}},"20":{"start":{"line":36,"column":4},"end":{"line":36,"column":31}},"21":{"start":{"line":39,"column":19},"end":{"line":44,"column":3}},"22":{"start":{"line":40,"column":17},"end":{"line":40,"column":19}},"23":{"start":{"line":41,"column":4},"end":{"line":41,"column":58}},"24":{"start":{"line":41,"column":26},"end":{"line":41,"column":58}},"25":{"start":{"line":42,"column":4},"end":{"line":42,"column":83}},"26":{"start":{"line":42,"column":34},"end":{"line":42,"column":83}},"27":{"start":{"line":43,"column":4},"end":{"line":43,"column":16}},"28":{"start":{"line":46,"column":23},"end":{"line":60,"column":3}},"29":{"start":{"line":47,"column":4},"end":{"line":47,"column":23}},"30":{"start":{"line":48,"column":17},"end":{"line":48,"column":27}},"31":{"start":{"line":49,"column":4},"end":{"line":49,"column":62}},"32":{"start":{"line":49,"column":36},"end":{"line":49,"column":52}},"33":{"start":{"line":49,"column":53},"end":{"line":49,"column":60}},"34":{"start":{"line":50,"column":4},"end":{"line":50,"column":21}},"35":{"start":{"line":51,"column":20},"end":{"line":55,"column":5}},"36":{"start":{"line":53,"column":50},"end":{"line":53,"column":58}},"37":{"start":{"line":56,"column":4},"end":{"line":56,"column":29}},"38":{"start":{"line":57,"column":4},"end":{"line":57,"column":137}},"39":{"start":{"line":58,"column":4},"end":{"line":58,"column":24}},"40":{"start":{"line":59,"column":4},"end":{"line":59,"column":22}},"41":{"start":{"line":62,"column":22},"end":{"line":66,"column":3}},"42":{"start":{"line":63,"column":4},"end":{"line":63,"column":137}},"43":{"start":{"line":64,"column":4},"end":{"line":64,"column":24}},"44":{"start":{"line":65,"column":4},"end":{"line":65,"column":18}},"45":{"start":{"line":68,"column":2},"end":{"line":139,"column":4}},"46":{"start":{"line":95,"column":35},"end":{"line":99,"column":15}},"47":{"start":{"line":100,"column":14},"end":{"line":104,"column":16}},"48":{"start":{"line":103,"column":45},"end":{"line":103,"column":74}},"49":{"start":{"line":144,"column":0},"end":{"line":147,"column":2}},"50":{"start":{"line":149,"column":0},"end":{"line":151,"column":2}}},"fnMap":{"0":{"name":"(anonymous_0)","decl":{"start":{"line":4,"column":22},"end":{"line":4,"column":23}},"loc":{"start":{"line":4,"column":51},"end":{"line":140,"column":1}},"line":4},"1":{"name":"(anonymous_1)","decl":{"start":{"line":17,"column":23},"end":{"line":17,"column":24}},"loc":{"start":{"line":17,"column":30},"end":{"line":20,"column":3}},"line":17},"2":{"name":"(anonymous_2)","decl":{"start":{"line":22,"column":21},"end":{"line":22,"column":22}},"loc":{"start":{"line":22,"column":33},"end":{"line":26,"column":3}},"line":22},"3":{"name":"(anonymous_3)","decl":{"start":{"line":28,"column":22},"end":{"line":28,"column":23}},"loc":{"start":{"line":28,"column":29},"end":{"line":37,"column":3}},"line":28},"4":{"name":"(anonymous_4)","decl":{"start":{"line":32,"column":20},"end":{"line":32,"column":21}},"loc":{"start":{"line":32,"column":28},"end":{"line":35,"column":5}},"line":32},"5":{"name":"(anonymous_5)","decl":{"start":{"line":39,"column":19},"end":{"line":39,"column":20}},"loc":{"start":{"line":39,"column":25},"end":{"line":44,"column":3}},"line":39},"6":{"name":"(anonymous_6)","decl":{"start":{"line":46,"column":23},"end":{"line":46,"column":24}},"loc":{"start":{"line":46,"column":36},"end":{"line":60,"column":3}},"line":46},"7":{"name":"(anonymous_7)","decl":{"start":{"line":53,"column":45},"end":{"line":53,"column":46}},"loc":{"start":{"line":53,"column":50},"end":{"line":53,"column":58}},"line":53},"8":{"name":"(anonymous_8)","decl":{"start":{"line":62,"column":22},"end":{"line":62,"column":23}},"loc":{"start":{"line":62,"column":28},"end":{"line":66,"column":3}},"line":62},"9":{"name":"(anonymous_9)","decl":{"start":{"line":94,"column":35},"end":{"line":94,"column":36}},"loc":{"start":{"line":94,"column":45},"end":{"line":105,"column":13}},"line":94},"10":{"name":"(anonymous_10)","decl":{"start":{"line":103,"column":38},"end":{"line":103,"column":39}},"loc":{"start":{"line":103,"column":45},"end":{"line":103,"column":74}},"line":103}},"branchMap":{"0":{"loc":{"start":{"line":30,"column":4},"end":{"line":30,"column":22}},"type":"if","locations":[{"start":{"line":30,"column":4},"end":{"line":30,"column":22}},{"start":{},"end":{}}],"line":30},"1":{"loc":{"start":{"line":41,"column":4},"end":{"line":41,"column":58}},"type":"if","locations":[{"start":{"line":41,"column":4},"end":{"line":41,"column":58}},{"start":{},"end":{}}],"line":41},"2":{"loc":{"start":{"line":42,"column":4},"end":{"line":42,"column":83}},"type":"if","locations":[{"start":{"line":42,"column":4},"end":{"line":42,"column":83}},{"start":{},"end":{}}],"line":42},"3":{"loc":{"start":{"line":49,"column":4},"end":{"line":49,"column":62}},"type":"if","locations":[{"start":{"line":49,"column":4},"end":{"line":49,"column":62}},{"start":{},"end":{}}],"line":49},"4":{"loc":{"start":{"line":54,"column":13},"end":{"line":54,"column":100}},"type":"binary-expr","locations":[{"start":{"line":54,"column":13},"end":{"line":54,"column":23}},{"start":{"line":54,"column":27},"end":{"line":54,"column":100}}],"line":54},"5":{"loc":{"start":{"line":80,"column":73},"end":{"line":80,"column":104}},"type":"cond-expr","locations":[{"start":{"line":80,"column":86},"end":{"line":80,"column":99}},{"start":{"line":80,"column":102},"end":{"line":80,"column":104}}],"line":80},"6":{"loc":{"start":{"line":82,"column":13},"end":{"line":82,"column":74}},"type":"binary-expr","locations":[{"start":{"line":82,"column":13},"end":{"line":82,"column":23}},{"start":{"line":82,"column":27},"end":{"line":82,"column":74}}],"line":82},"7":{"loc":{"start":{"line":87,"column":107},"end":{"line":87,"column":146}},"type":"cond-expr","locations":[{"start":{"line":87,"column":128},"end":{"line":87,"column":141}},{"start":{"line":87,"column":144},"end":{"line":87,"column":146}}],"line":87},"8":{"loc":{"start":{"line":89,"column":13},"end":{"line":89,"column":90}},"type":"binary-expr","locations":[{"start":{"line":89,"column":13},"end":{"line":89,"column":31}},{"start":{"line":89,"column":35},"end":{"line":89,"column":90}}],"line":89},"9":{"loc":{"start":{"line":101,"column":27},"end":{"line":101,"column":57}},"type":"cond-expr","locations":[{"start":{"line":101,"column":37},"end":{"line":101,"column":45}},{"start":{"line":101,"column":48},"end":{"line":101,"column":57}}],"line":101},"10":{"loc":{"start":{"line":126,"column":13},"end":{"line":126,"column":93}},"type":"binary-expr","locations":[{"start":{"line":126,"column":13},"end":{"line":126,"column":25}},{"start":{"line":126,"column":29},"end":{"line":126,"column":93}}],"line":126},"11":{"loc":{"start":{"line":131,"column":15},"end":{"line":131,"column":66}},"type":"cond-expr","locations":[{"start":{"line":131,"column":25},"end":{"line":131,"column":42}},{"start":{"line":131,"column":45},"end":{"line":131,"column":66}}],"line":131},"12":{"loc":{"start":{"line":134,"column":13},"end":{"line":134,"column":104}},"type":"binary-expr","locations":[{"start":{"line":134,"column":13},"end":{"line":134,"column":21}},{"start":{"line":134,"column":25},"end":{"line":134,"column":104}}],"line":134}},"s":{"0":1,"1":0,"2":0,"3":0,"4":0,"5":0,"6":0,"7":0,"8":0,"9":0,"10":0,"11":0,"12":0,"13":0,"14":0,"15":0,"16":0,"17":0,"18":0,"19":0,"20":0,"21":0,"22":0,"23":0,"24":0,"25":0,"26":0,"27":0,"28":0,"29":0,"30":0,"31":0,"32":0,"33":0,"34":0,"35":0,"36":0,"37":0,"38":0,"39":0,"40":0,"41":0,"42":0,"43":0,"44":0,"45":0,"46":0,"47":0,"48":0,"49":1,"50":1},"f":{"0":0,"1":0,"2":0,"3":0,"4":0,"5":0,"6":0,"7":0,"8":0,"9":0,"10":0},"b":{"0":[0,0],"1":[0,0],"2":[0,0],"3":[0,0],"4":[0,0],"5":[0,0],"6":[0,0],"7":[0,0],"8":[0,0],"9":[0,0],"10":[0,0],"11":[0,0],"12":[0,0]},"_coverageSchema":"1a1c01bbd47fc00a2c39e90264f33305004495a9","hash":"c3f4f218841c7c953808a9907a53e55270469cdb"}
,"/home/kh/Devops/Dockerisation/React/src/components/DetaillerProjet.jsx": {"path":"/home/kh/Devops/Dockerisation/React/src/components/DetaillerProjet.jsx","statementMap":{"0":{"start":{"line":4,"column":24},"end":{"line":116,"column":1}},"1":{"start":{"line":5,"column":34},"end":{"line":5,"column":49}},"2":{"start":{"line":6,"column":26},"end":{"line":6,"column":102}},"3":{"start":{"line":7,"column":32},"end":{"line":7,"column":47}},"4":{"start":{"line":9,"column":23},"end":{"line":9,"column":83}},"5":{"start":{"line":9,"column":30},"end":{"line":9,"column":83}},"6":{"start":{"line":11,"column":21},"end":{"line":20,"column":3}},"7":{"start":{"line":12,"column":4},"end":{"line":12,"column":21}},"8":{"start":{"line":13,"column":20},"end":{"line":16,"column":5}},"9":{"start":{"line":15,"column":58},"end":{"line":15,"column":66}},"10":{"start":{"line":17,"column":4},"end":{"line":17,"column":28}},"11":{"start":{"line":18,"column":4},"end":{"line":18,"column":22}},"12":{"start":{"line":19,"column":4},"end":{"line":19,"column":23}},"13":{"start":{"line":22,"column":2},"end":{"line":115,"column":4}},"14":{"start":{"line":36,"column":32},"end":{"line":36,"column":111}},"15":{"start":{"line":82,"column":22},"end":{"line":82,"column":75}},"16":{"start":{"line":104,"column":59},"end":{"line":104,"column":77}},"17":{"start":{"line":108,"column":58},"end":{"line":108,"column":75}},"18":{"start":{"line":120,"column":0},"end":{"line":131,"column":2}}},"fnMap":{"0":{"name":"(anonymous_0)","decl":{"start":{"line":4,"column":24},"end":{"line":4,"column":25}},"loc":{"start":{"line":4,"column":61},"end":{"line":116,"column":1}},"line":4},"1":{"name":"(anonymous_1)","decl":{"start":{"line":9,"column":23},"end":{"line":9,"column":24}},"loc":{"start":{"line":9,"column":30},"end":{"line":9,"column":83}},"line":9},"2":{"name":"(anonymous_2)","decl":{"start":{"line":11,"column":21},"end":{"line":11,"column":22}},"loc":{"start":{"line":11,"column":33},"end":{"line":20,"column":3}},"line":11},"3":{"name":"(anonymous_3)","decl":{"start":{"line":15,"column":53},"end":{"line":15,"column":54}},"loc":{"start":{"line":15,"column":58},"end":{"line":15,"column":66}},"line":15},"4":{"name":"(anonymous_4)","decl":{"start":{"line":36,"column":23},"end":{"line":36,"column":24}},"loc":{"start":{"line":36,"column":30},"end":{"line":36,"column":113}},"line":36},"5":{"name":"(anonymous_5)","decl":{"start":{"line":81,"column":45},"end":{"line":81,"column":46}},"loc":{"start":{"line":82,"column":22},"end":{"line":82,"column":75}},"line":82},"6":{"name":"(anonymous_6)","decl":{"start":{"line":104,"column":53},"end":{"line":104,"column":54}},"loc":{"start":{"line":104,"column":59},"end":{"line":104,"column":77}},"line":104},"7":{"name":"(anonymous_7)","decl":{"start":{"line":108,"column":52},"end":{"line":108,"column":53}},"loc":{"start":{"line":108,"column":58},"end":{"line":108,"column":75}},"line":108}},"branchMap":{"0":{"loc":{"start":{"line":6,"column":62},"end":{"line":6,"column":99}},"type":"binary-expr","locations":[{"start":{"line":6,"column":62},"end":{"line":6,"column":93}},{"start":{"line":6,"column":97},"end":{"line":6,"column":99}}],"line":6},"1":{"loc":{"start":{"line":28,"column":48},"end":{"line":28,"column":95}},"type":"cond-expr","locations":[{"start":{"line":28,"column":59},"end":{"line":28,"column":71}},{"start":{"line":28,"column":74},"end":{"line":28,"column":95}}],"line":28},"2":{"loc":{"start":{"line":33,"column":9},"end":{"line":38,"column":9}},"type":"binary-expr","locations":[{"start":{"line":33,"column":9},"end":{"line":33,"column":18}},{"start":{"line":33,"column":22},"end":{"line":33,"column":34}},{"start":{"line":34,"column":10},"end":{"line":37,"column":16}}],"line":33},"3":{"loc":{"start":{"line":42,"column":11},"end":{"line":94,"column":11}},"type":"cond-expr","locations":[{"start":{"line":43,"column":12},"end":{"line":64,"column":15}},{"start":{"line":66,"column":12},"end":{"line":93,"column":15}}],"line":42},"4":{"loc":{"start":{"line":58,"column":81},"end":{"line":58,"column":96}},"type":"binary-expr","locations":[{"start":{"line":58,"column":81},"end":{"line":58,"column":90}},{"start":{"line":58,"column":94},"end":{"line":58,"column":96}}],"line":58},"5":{"loc":{"start":{"line":62,"column":93},"end":{"line":62,"column":108}},"type":"binary-expr","locations":[{"start":{"line":62,"column":93},"end":{"line":62,"column":102}},{"start":{"line":62,"column":106},"end":{"line":62,"column":108}}],"line":62},"6":{"loc":{"start":{"line":68,"column":15},"end":{"line":72,"column":15}},"type":"binary-expr","locations":[{"start":{"line":68,"column":15},"end":{"line":68,"column":26}},{"start":{"line":69,"column":16},"end":{"line":71,"column":20}}],"line":68},"7":{"loc":{"start":{"line":77,"column":15},"end":{"line":86,"column":15}},"type":"binary-expr","locations":[{"start":{"line":77,"column":15},"end":{"line":77,"column":46}},{"start":{"line":78,"column":16},"end":{"line":85,"column":22}}],"line":77},"8":{"loc":{"start":{"line":87,"column":15},"end":{"line":92,"column":15}},"type":"binary-expr","locations":[{"start":{"line":87,"column":15},"end":{"line":87,"column":26}},{"start":{"line":88,"column":16},"end":{"line":91,"column":22}}],"line":87},"9":{"loc":{"start":{"line":99,"column":11},"end":{"line":111,"column":11}},"type":"cond-expr","locations":[{"start":{"line":100,"column":12},"end":{"line":105,"column":15}},{"start":{"line":107,"column":12},"end":{"line":110,"column":15}}],"line":99},"10":{"loc":{"start":{"line":102,"column":17},"end":{"line":102,"column":63}},"type":"cond-expr","locations":[{"start":{"line":102,"column":27},"end":{"line":102,"column":44}},{"start":{"line":102,"column":47},"end":{"line":102,"column":63}}],"line":102}},"s":{"0":1,"1":0,"2":0,"3":0,"4":0,"5":0,"6":0,"7":0,"8":0,"9":0,"10":0,"11":0,"12":0,"13":0,"14":0,"15":0,"16":0,"17":0,"18":1},"f":{"0":0,"1":0,"2":0,"3":0,"4":0,"5":0,"6":0,"7":0},"b":{"0":[0,0],"1":[0,0],"2":[0,0,0],"3":[0,0],"4":[0,0],"5":[0,0],"6":[0,0],"7":[0,0],"8":[0,0],"9":[0,0],"10":[0,0]},"_coverageSchema":"1a1c01bbd47fc00a2c39e90264f33305004495a9","hash":"14adf41c10cd72a86fb1bd2404437dd4bbe64677"}
,"/home/kh/Devops/Dockerisation/React/src/components/Dossier.jsx": {"path":"/home/kh/Devops/Dockerisation/React/src/components/Dossier.jsx","statementMap":{"0":{"start":{"line":7,"column":16},"end":{"line":119,"column":1}},"1":{"start":{"line":8,"column":42},"end":{"line":8,"column":54}},"2":{"start":{"line":9,"column":42},"end":{"line":9,"column":54}},"3":{"start":{"line":10,"column":42},"end":{"line":10,"column":56}},"4":{"start":{"line":11,"column":42},"end":{"line":11,"column":56}},"5":{"start":{"line":12,"column":42},"end":{"line":12,"column":54}},"6":{"start":{"line":14,"column":25},"end":{"line":24,"column":8}},"7":{"start":{"line":15,"column":4},"end":{"line":23,"column":5}},"8":{"start":{"line":16,"column":6},"end":{"line":16,"column":23}},"9":{"start":{"line":16,"column":24},"end":{"line":16,"column":37}},"10":{"start":{"line":17,"column":18},"end":{"line":17,"column":36}},"11":{"start":{"line":18,"column":6},"end":{"line":18,"column":27}},"12":{"start":{"line":20,"column":6},"end":{"line":20,"column":110}},"13":{"start":{"line":22,"column":6},"end":{"line":22,"column":24}},"14":{"start":{"line":26,"column":2},"end":{"line":26,"column":59}},"15":{"start":{"line":26,"column":20},"end":{"line":26,"column":37}},"16":{"start":{"line":28,"column":26},"end":{"line":37,"column":3}},"17":{"start":{"line":29,"column":4},"end":{"line":29,"column":76}},"18":{"start":{"line":29,"column":69},"end":{"line":29,"column":76}},"19":{"start":{"line":30,"column":4},"end":{"line":36,"column":5}},"20":{"start":{"line":31,"column":6},"end":{"line":31,"column":29}},"21":{"start":{"line":32,"column":6},"end":{"line":32,"column":56}},"22":{"start":{"line":32,"column":25},"end":{"line":32,"column":54}},"23":{"start":{"line":32,"column":42},"end":{"line":32,"column":53}},"24":{"start":{"line":33,"column":6},"end":{"line":33,"column":54}},"25":{"start":{"line":35,"column":6},"end":{"line":35,"column":54}},"26":{"start":{"line":39,"column":23},"end":{"line":48,"column":3}},"27":{"start":{"line":40,"column":4},"end":{"line":47,"column":5}},"28":{"start":{"line":41,"column":6},"end":{"line":41,"column":46}},"29":{"start":{"line":42,"column":6},"end":{"line":42,"column":75}},"30":{"start":{"line":42,"column":25},"end":{"line":42,"column":73}},"31":{"start":{"line":42,"column":39},"end":{"line":42,"column":72}},"32":{"start":{"line":43,"column":6},"end":{"line":43,"column":31}},"33":{"start":{"line":44,"column":6},"end":{"line":44,"column":56}},"34":{"start":{"line":46,"column":6},"end":{"line":46,"column":54}},"35":{"start":{"line":50,"column":25},"end":{"line":54,"column":3}},"36":{"start":{"line":51,"column":4},"end":{"line":53,"column":80}},"37":{"start":{"line":53,"column":30},"end":{"line":53,"column":79}},"38":{"start":{"line":56,"column":2},"end":{"line":61,"column":4}},"39":{"start":{"line":56,"column":15},"end":{"line":61,"column":4}},"40":{"start":{"line":63,"column":2},"end":{"line":118,"column":4}},"41":{"start":{"line":75,"column":43},"end":{"line":75,"column":71}},"42":{"start":{"line":77,"column":58},"end":{"line":77,"column":74}},"43":{"start":{"line":99,"column":14},"end":{"line":104,"column":16}},"44":{"start":{"line":113,"column":27},"end":{"line":113,"column":48}},"45":{"start":{"line":123,"column":0},"end":{"line":125,"column":2}}},"fnMap":{"0":{"name":"(anonymous_0)","decl":{"start":{"line":7,"column":16},"end":{"line":7,"column":17}},"loc":{"start":{"line":7,"column":31},"end":{"line":119,"column":1}},"line":7},"1":{"name":"(anonymous_1)","decl":{"start":{"line":14,"column":37},"end":{"line":14,"column":38}},"loc":{"start":{"line":14,"column":49},"end":{"line":24,"column":3}},"line":14},"2":{"name":"(anonymous_2)","decl":{"start":{"line":26,"column":12},"end":{"line":26,"column":13}},"loc":{"start":{"line":26,"column":18},"end":{"line":26,"column":39}},"line":26},"3":{"name":"(anonymous_3)","decl":{"start":{"line":28,"column":26},"end":{"line":28,"column":27}},"loc":{"start":{"line":28,"column":40},"end":{"line":37,"column":3}},"line":28},"4":{"name":"(anonymous_4)","decl":{"start":{"line":32,"column":17},"end":{"line":32,"column":18}},"loc":{"start":{"line":32,"column":25},"end":{"line":32,"column":54}},"line":32},"5":{"name":"(anonymous_5)","decl":{"start":{"line":32,"column":37},"end":{"line":32,"column":38}},"loc":{"start":{"line":32,"column":42},"end":{"line":32,"column":53}},"line":32},"6":{"name":"(anonymous_6)","decl":{"start":{"line":39,"column":23},"end":{"line":39,"column":24}},"loc":{"start":{"line":39,"column":42},"end":{"line":48,"column":3}},"line":39},"7":{"name":"(anonymous_7)","decl":{"start":{"line":42,"column":17},"end":{"line":42,"column":18}},"loc":{"start":{"line":42,"column":25},"end":{"line":42,"column":73}},"line":42},"8":{"name":"(anonymous_8)","decl":{"start":{"line":42,"column":34},"end":{"line":42,"column":35}},"loc":{"start":{"line":42,"column":39},"end":{"line":42,"column":72}},"line":42},"9":{"name":"(anonymous_9)","decl":{"start":{"line":50,"column":40},"end":{"line":50,"column":41}},"loc":{"start":{"line":51,"column":4},"end":{"line":53,"column":80}},"line":51},"10":{"name":"(anonymous_10)","decl":{"start":{"line":53,"column":25},"end":{"line":53,"column":26}},"loc":{"start":{"line":53,"column":30},"end":{"line":53,"column":79}},"line":53},"11":{"name":"(anonymous_11)","decl":{"start":{"line":75,"column":38},"end":{"line":75,"column":39}},"loc":{"start":{"line":75,"column":43},"end":{"line":75,"column":71}},"line":75},"12":{"name":"(anonymous_12)","decl":{"start":{"line":77,"column":52},"end":{"line":77,"column":53}},"loc":{"start":{"line":77,"column":58},"end":{"line":77,"column":74}},"line":77},"13":{"name":"(anonymous_13)","decl":{"start":{"line":98,"column":32},"end":{"line":98,"column":33}},"loc":{"start":{"line":99,"column":14},"end":{"line":104,"column":16}},"line":99},"14":{"name":"(anonymous_14)","decl":{"start":{"line":113,"column":21},"end":{"line":113,"column":22}},"loc":{"start":{"line":113,"column":27},"end":{"line":113,"column":48}},"line":113}},"branchMap":{"0":{"loc":{"start":{"line":29,"column":4},"end":{"line":29,"column":76}},"type":"if","locations":[{"start":{"line":29,"column":4},"end":{"line":29,"column":76}},{"start":{},"end":{}}],"line":29},"1":{"loc":{"start":{"line":42,"column":39},"end":{"line":42,"column":72}},"type":"cond-expr","locations":[{"start":{"line":42,"column":61},"end":{"line":42,"column":68}},{"start":{"line":42,"column":71},"end":{"line":42,"column":72}}],"line":42},"2":{"loc":{"start":{"line":51,"column":4},"end":{"line":53,"column":80}},"type":"binary-expr","locations":[{"start":{"line":51,"column":4},"end":{"line":51,"column":58}},{"start":{"line":52,"column":4},"end":{"line":52,"column":66}},{"start":{"line":53,"column":4},"end":{"line":53,"column":80}}],"line":51},"3":{"loc":{"start":{"line":56,"column":2},"end":{"line":61,"column":4}},"type":"if","locations":[{"start":{"line":56,"column":2},"end":{"line":61,"column":4}},{"start":{},"end":{}}],"line":56},"4":{"loc":{"start":{"line":76,"column":9},"end":{"line":78,"column":9}},"type":"binary-expr","locations":[{"start":{"line":76,"column":9},"end":{"line":76,"column":18}},{"start":{"line":77,"column":10},"end":{"line":77,"column":86}}],"line":76},"5":{"loc":{"start":{"line":81,"column":7},"end":{"line":81,"column":59}},"type":"binary-expr","locations":[{"start":{"line":81,"column":7},"end":{"line":81,"column":12}},{"start":{"line":81,"column":16},"end":{"line":81,"column":59}}],"line":81},"6":{"loc":{"start":{"line":83,"column":7},"end":{"line":108,"column":7}},"type":"cond-expr","locations":[{"start":{"line":84,"column":8},"end":{"line":91,"column":14}},{"start":{"line":93,"column":8},"end":{"line":107,"column":11}}],"line":83},"7":{"loc":{"start":{"line":86,"column":15},"end":{"line":86,"column":82}},"type":"cond-expr","locations":[{"start":{"line":86,"column":27},"end":{"line":86,"column":50}},{"start":{"line":86,"column":53},"end":{"line":86,"column":82}}],"line":86},"8":{"loc":{"start":{"line":87,"column":14},"end":{"line":89,"column":79}},"type":"cond-expr","locations":[{"start":{"line":88,"column":14},"end":{"line":88,"column":59}},{"start":{"line":89,"column":14},"end":{"line":89,"column":79}}],"line":87},"9":{"loc":{"start":{"line":95,"column":43},"end":{"line":95,"column":79}},"type":"cond-expr","locations":[{"start":{"line":95,"column":71},"end":{"line":95,"column":74}},{"start":{"line":95,"column":77},"end":{"line":95,"column":79}}],"line":95},"10":{"loc":{"start":{"line":95,"column":88},"end":{"line":95,"column":124}},"type":"cond-expr","locations":[{"start":{"line":95,"column":116},"end":{"line":95,"column":119}},{"start":{"line":95,"column":122},"end":{"line":95,"column":124}}],"line":95},"11":{"loc":{"start":{"line":110,"column":7},"end":{"line":116,"column":7}},"type":"binary-expr","locations":[{"start":{"line":110,"column":7},"end":{"line":110,"column":19}},{"start":{"line":111,"column":8},"end":{"line":115,"column":10}}],"line":110}},"s":{"0":1,"1":1,"2":1,"3":1,"4":1,"5":1,"6":1,"7":1,"8":1,"9":1,"10":1,"11":1,"12":0,"13":1,"14":1,"15":1,"16":1,"17":0,"18":0,"19":0,"20":0,"21":0,"22":0,"23":0,"24":0,"25":0,"26":1,"27":0,"28":0,"29":0,"30":0,"31":0,"32":0,"33":0,"34":0,"35":1,"36":0,"37":0,"38":1,"39":1,"40":0,"41":0,"42":0,"43":0,"44":0,"45":1},"f":{"0":1,"1":1,"2":1,"3":0,"4":0,"5":0,"6":0,"7":0,"8":0,"9":0,"10":0,"11":0,"12":0,"13":0,"14":0},"b":{"0":[0,0],"1":[0,0],"2":[0,0,0],"3":[1,0],"4":[0,0],"5":[0,0],"6":[0,0],"7":[0,0],"8":[0,0],"9":[0,0],"10":[0,0],"11":[0,0]},"_coverageSchema":"1a1c01bbd47fc00a2c39e90264f33305004495a9","hash":"bf64f06fa722bf4623dfa1c462c7b52ddb923c40"}
,"/home/kh/Devops/Dockerisation/React/src/components/Projet.jsx": {"path":"/home/kh/Devops/Dockerisation/React/src/components/Projet.jsx","statementMap":{"0":{"start":{"line":4,"column":15},"end":{"line":52,"column":1}},"1":{"start":{"line":5,"column":2},"end":{"line":51,"column":4}},"2":{"start":{"line":14,"column":14},"end":{"line":14,"column":93}},"3":{"start":{"line":26,"column":12},"end":{"line":26,"column":65}},"4":{"start":{"line":32,"column":63},"end":{"line":32,"column":79}},"5":{"start":{"line":45,"column":59},"end":{"line":45,"column":81}},"6":{"start":{"line":56,"column":0},"end":{"line":67,"column":2}}},"fnMap":{"0":{"name":"(anonymous_0)","decl":{"start":{"line":4,"column":15},"end":{"line":4,"column":16}},"loc":{"start":{"line":4,"column":54},"end":{"line":52,"column":1}},"line":4},"1":{"name":"(anonymous_1)","decl":{"start":{"line":13,"column":21},"end":{"line":13,"column":22}},"loc":{"start":{"line":13,"column":28},"end":{"line":15,"column":13}},"line":13},"2":{"name":"(anonymous_2)","decl":{"start":{"line":25,"column":36},"end":{"line":25,"column":37}},"loc":{"start":{"line":26,"column":12},"end":{"line":26,"column":65}},"line":26},"3":{"name":"(anonymous_3)","decl":{"start":{"line":32,"column":57},"end":{"line":32,"column":58}},"loc":{"start":{"line":32,"column":63},"end":{"line":32,"column":79}},"line":32},"4":{"name":"(anonymous_4)","decl":{"start":{"line":45,"column":53},"end":{"line":45,"column":54}},"loc":{"start":{"line":45,"column":59},"end":{"line":45,"column":81}},"line":45}},"branchMap":{"0":{"loc":{"start":{"line":8,"column":9},"end":{"line":19,"column":9}},"type":"cond-expr","locations":[{"start":{"line":9,"column":10},"end":{"line":16,"column":12}},{"start":{"line":18,"column":10},"end":{"line":18,"column":74}}],"line":8},"1":{"loc":{"start":{"line":41,"column":13},"end":{"line":43,"column":18}},"type":"cond-expr","locations":[{"start":{"line":42,"column":16},"end":{"line":42,"column":102}},{"start":{"line":43,"column":16},"end":{"line":43,"column":18}}],"line":41}},"s":{"0":1,"1":0,"2":0,"3":0,"4":0,"5":0,"6":1},"f":{"0":0,"1":0,"2":0,"3":0,"4":0},"b":{"0":[0,0],"1":[0,0]},"_coverageSchema":"1a1c01bbd47fc00a2c39e90264f33305004495a9","hash":"0755968a987bc137d7176746c984488d3ac71e1a"}
}
